app/build/intermediates/manifest_merge_blame_file/debug/manifest-merger-blame-debug-report.txt
1<?xml version="1.0" encoding="utf-8"?>
2<manifest xmlns:android="http://schemas.android.com/apk/res/android"
3    package="com.example.davidzonefiscal"
4    android:versionCode="1"
5    android:versionName="1.0" >
6
7    <uses-sdk
8        android:minSdkVersion="21"
8-->src\main\AndroidManifest.xml
9        android:targetSdkVersion="32" />
9-->src\main\AndroidManifest.xml
10
11    <uses-permission android:name="android.permission.ACCESS_FINE_LOCATION" />
11-->src\main\AndroidManifest.xml:5:5-79
11-->src\main\AndroidManifest.xml:5:22-76
12    <uses-permission android:name="android.permission.ACCESS_COARSE_LOCATION" />
12-->src\main\AndroidManifest.xml:6:5-81
12-->src\main\AndroidManifest.xml:6:22-78
13    <uses-permission android:name="android.permission.INTERNET" />
13-->src\main\AndroidManifest.xml:7:5-67
13-->src\main\AndroidManifest.xml:7:22-64
14    <uses-permission android:name="android.permission.CAMERA" />
14-->src\main\AndroidManifest.xml:8:5-65
14-->src\main\AndroidManifest.xml:8:22-62
15
16    <uses-feature android:name="android.hardware.camera.any" />
16-->src\main\AndroidManifest.xml:10:5-64
16-->src\main\AndroidManifest.xml:10:19-61
17
18    <!-- Include required permissions for Google Maps API to run. -->
19    <uses-permission android:name="android.permission.ACCESS_NETWORK_STATE" />
19-->[com.google.android.gms:play-services-maps:18.0.2] AndroidManifest.xml:23:5-79
19-->[com.google.android.gms:play-services-maps:18.0.2] AndroidManifest.xml:23:22-76
20
21    <uses-feature
21-->[com.google.android.gms:play-services-maps:18.0.2] AndroidManifest.xml:26:5-28:35
22        android:glEsVersion="0x00020000"
22-->[com.google.android.gms:play-services-maps:18.0.2] AndroidManifest.xml:27:9-41
23        android:required="true" />
23-->[com.google.android.gms:play-services-maps:18.0.2] AndroidManifest.xml:28:9-32
24
25    <queries>
25-->[com.google.android.gms:play-services-maps:18.0.2] AndroidManifest.xml:30:5-34:15
26
27        <!-- Needs to be explicitly declared on Android R+ -->
28        <package android:name="com.google.android.apps.maps" />
28-->[com.google.android.gms:play-services-maps:18.0.2] AndroidManifest.xml:33:9-64
28-->[com.google.android.gms:play-services-maps:18.0.2] AndroidManifest.xml:33:18-61
29
30        <intent>
30-->[com.google.firebase:firebase-inappmessaging-display:20.1.2] AndroidManifest.xml:15:9-19:18
31            <action android:name="android.intent.action.VIEW" />
31-->[com.google.firebase:firebase-inappmessaging-display:20.1.2] AndroidManifest.xml:16:13-65
31-->[com.google.firebase:firebase-inappmessaging-display:20.1.2] AndroidManifest.xml:16:21-62
32
33            <data android:scheme="https" />
33-->[com.google.firebase:firebase-inappmessaging-display:20.1.2] AndroidManifest.xml:18:13-44
33-->[com.google.firebase:firebase-inappmessaging-display:20.1.2] AndroidManifest.xml:18:19-41
34        </intent>
35    </queries>
36
37    <uses-permission android:name="android.permission.WAKE_LOCK" />
37-->[com.google.android.gms:play-services-measurement-api:20.1.1] AndroidManifest.xml:24:5-68
37-->[com.google.android.gms:play-services-measurement-api:20.1.1] AndroidManifest.xml:24:22-65
38    <uses-permission android:name="com.google.android.gms.permission.AD_ID" />
38-->[com.google.android.gms:play-services-measurement-api:20.1.1] AndroidManifest.xml:25:5-79
38-->[com.google.android.gms:play-services-measurement-api:20.1.1] AndroidManifest.xml:25:22-76
39    <uses-permission android:name="com.google.android.finsky.permission.BIND_GET_INSTALL_REFERRER_SERVICE" />
39-->[com.google.android.gms:play-services-measurement:20.1.1] AndroidManifest.xml:26:5-110
39-->[com.google.android.gms:play-services-measurement:20.1.1] AndroidManifest.xml:26:22-107
40
41    <application
41-->src\main\AndroidManifest.xml:12:5-62:19
42        android:allowBackup="true"
42-->src\main\AndroidManifest.xml:13:9-35
43        android:appComponentFactory="androidx.core.app.CoreComponentFactory"
43-->[androidx.core:core:1.7.0] AndroidManifest.xml:24:18-86
44        android:debuggable="true"
45        android:icon="@mipmap/ic_launcher"
45-->src\main\AndroidManifest.xml:14:9-43
46        android:label="@string/app_name"
46-->src\main\AndroidManifest.xml:15:9-41
47        android:roundIcon="@mipmap/ic_launcher_round"
47-->src\main\AndroidManifest.xml:16:9-54
48        android:supportsRtl="true"
48-->src\main\AndroidManifest.xml:17:9-35
49        android:testOnly="true"
50        android:theme="@style/Theme.DavidZoneFiscal" >
50-->src\main\AndroidManifest.xml:18:9-53
51        <activity
51-->src\main\AndroidManifest.xml:19:9-21:40
52            android:name="com.example.davidzonefiscal.activities.TirarFotosActivity"
52-->src\main\AndroidManifest.xml:20:13-58
53            android:exported="false" />
53-->src\main\AndroidManifest.xml:21:13-37
54        <activity
54-->src\main\AndroidManifest.xml:22:9-24:40
55            android:name="com.example.davidzonefiscal.activities.SelecionarIrregularidadeActivity"
55-->src\main\AndroidManifest.xml:23:13-72
56            android:exported="false" />
56-->src\main\AndroidManifest.xml:24:13-37
57        <activity
57-->src\main\AndroidManifest.xml:25:9-27:40
58            android:name="com.example.davidzonefiscal.activities.ResultadoNoTicketActivity"
58-->src\main\AndroidManifest.xml:26:13-65
59            android:exported="false" />
59-->src\main\AndroidManifest.xml:27:13-37
60        <activity
60-->src\main\AndroidManifest.xml:28:9-30:40
61            android:name="com.example.davidzonefiscal.activities.ResultadoConsultaActivity"
61-->src\main\AndroidManifest.xml:29:13-65
62            android:exported="false" />
62-->src\main\AndroidManifest.xml:30:13-37
63        <activity
63-->src\main\AndroidManifest.xml:31:9-33:40
64            android:name="com.example.davidzonefiscal.activities.ConsultarActivity"
64-->src\main\AndroidManifest.xml:32:13-57
65            android:exported="false" />
65-->src\main\AndroidManifest.xml:33:13-37
66        <!--
67             TODO: Before you run your application, you need a Google Maps API key.
68
69             To get one, follow the directions here:
70
71                https://developers.google.com/maps/documentation/android-sdk/get-api-key
72
73             Once you have your API key (it starts with "AIza"), define a new property in your
74             project's local.properties file (e.g. MAPS_API_KEY=Aiza...), and replace the
75             "YOUR_API_KEY" string in this file with "${MAPS_API_KEY}".
76        -->
77        <meta-data
77-->src\main\AndroidManifest.xml:45:9-47:71
78            android:name="com.google.android.geo.API_KEY"
78-->src\main\AndroidManifest.xml:46:13-58
79            android:value="AIzaSyDx1gXyWjtvIJ3i49s7SVOptIv3iyYIxjA" />
79-->src\main\AndroidManifest.xml:47:13-68
80
81        <activity
81-->src\main\AndroidManifest.xml:49:9-52:59
82            android:name="com.example.davidzonefiscal.activities.MapsActivity"
82-->src\main\AndroidManifest.xml:50:13-52
83            android:exported="false"
83-->src\main\AndroidManifest.xml:51:13-37
84            android:label="@string/title_activity_maps" />
84-->src\main\AndroidManifest.xml:52:13-56
85        <activity
85-->src\main\AndroidManifest.xml:53:9-61:20
86            android:name="com.example.davidzonefiscal.activities.MainActivity"
86-->src\main\AndroidManifest.xml:54:13-52
87            android:exported="true" >
87-->src\main\AndroidManifest.xml:55:13-36
88            <intent-filter>
88-->src\main\AndroidManifest.xml:56:13-60:29
89                <action android:name="android.intent.action.MAIN" />
89-->src\main\AndroidManifest.xml:57:17-69
89-->src\main\AndroidManifest.xml:57:25-66
90
91                <category android:name="android.intent.category.LAUNCHER" />
91-->src\main\AndroidManifest.xml:59:17-77
91-->src\main\AndroidManifest.xml:59:27-74
92            </intent-filter>
93        </activity>
94
95        <service
95-->[com.google.firebase:firebase-analytics-ktx:20.1.1] AndroidManifest.xml:8:9-14:19
96            android:name="com.google.firebase.components.ComponentDiscoveryService"
96-->[com.google.firebase:firebase-analytics-ktx:20.1.1] AndroidManifest.xml:9:13-84
97            android:directBootAware="true"
97-->[com.google.firebase:firebase-common:20.1.0] AndroidManifest.xml:35:13-43
98            android:exported="false" >
98-->[com.google.firebase:firebase-analytics-ktx:20.1.1] AndroidManifest.xml:10:13-37
99            <meta-data
99-->[com.google.firebase:firebase-analytics-ktx:20.1.1] AndroidManifest.xml:11:13-13:85
100                android:name="com.google.firebase.components:com.google.firebase.analytics.ktx.FirebaseAnalyticsKtxRegistrar"
100-->[com.google.firebase:firebase-analytics-ktx:20.1.1] AndroidManifest.xml:12:17-126
101                android:value="com.google.firebase.components.ComponentRegistrar" />
101-->[com.google.firebase:firebase-analytics-ktx:20.1.1] AndroidManifest.xml:13:17-82
102            <meta-data
102-->[com.google.firebase:firebase-inappmessaging-display-ktx:20.1.2] AndroidManifest.xml:15:13-17:85
103                android:name="com.google.firebase.components:com.google.firebase.inappmessaging.display.ktx.FirebaseInAppMessagingDisplayKtxRegistrar"
103-->[com.google.firebase:firebase-inappmessaging-display-ktx:20.1.2] AndroidManifest.xml:16:17-151
104                android:value="com.google.firebase.components.ComponentRegistrar" />
104-->[com.google.firebase:firebase-inappmessaging-display-ktx:20.1.2] AndroidManifest.xml:17:17-82
105            <meta-data
105-->[com.google.firebase:firebase-inappmessaging-ktx:20.1.2] AndroidManifest.xml:15:13-17:85
106                android:name="com.google.firebase.components:com.google.firebase.inappmessaging.ktx.FirebaseInAppMessagingKtxRegistrar"
106-->[com.google.firebase:firebase-inappmessaging-ktx:20.1.2] AndroidManifest.xml:16:17-136
107                android:value="com.google.firebase.components.ComponentRegistrar" />
107-->[com.google.firebase:firebase-inappmessaging-ktx:20.1.2] AndroidManifest.xml:17:17-82
108            <meta-data
108-->[com.google.firebase:firebase-config-ktx:21.0.2] AndroidManifest.xml:15:13-17:85
109                android:name="com.google.firebase.components:com.google.firebase.remoteconfig.ktx.FirebaseRemoteConfigKtxRegistrar"
109-->[com.google.firebase:firebase-config-ktx:21.0.2] AndroidManifest.xml:16:17-132
110                android:value="com.google.firebase.components.ComponentRegistrar" />
110-->[com.google.firebase:firebase-config-ktx:21.0.2] AndroidManifest.xml:17:17-82
111            <meta-data
111-->[com.google.firebase:firebase-auth-ktx:21.0.2] AndroidManifest.xml:11:13-13:85
112                android:name="com.google.firebase.components:com.google.firebase.auth.ktx.FirebaseAuthKtxRegistrar"
112-->[com.google.firebase:firebase-auth-ktx:21.0.2] AndroidManifest.xml:12:17-116
113                android:value="com.google.firebase.components.ComponentRegistrar" />
113-->[com.google.firebase:firebase-auth-ktx:21.0.2] AndroidManifest.xml:13:17-82
114            <meta-data
114-->[com.google.firebase:firebase-firestore-ktx:24.0.2] AndroidManifest.xml:15:13-17:85
115                android:name="com.google.firebase.components:com.google.firebase.firestore.ktx.FirebaseFirestoreKtxRegistrar"
115-->[com.google.firebase:firebase-firestore-ktx:24.0.2] AndroidManifest.xml:16:17-126
116                android:value="com.google.firebase.components.ComponentRegistrar" />
116-->[com.google.firebase:firebase-firestore-ktx:24.0.2] AndroidManifest.xml:17:17-82
117            <meta-data
117-->[com.google.firebase:firebase-inappmessaging-display:20.1.2] AndroidManifest.xml:26:13-28:85
118                android:name="com.google.firebase.components:com.google.firebase.inappmessaging.display.FirebaseInAppMessagingDisplayRegistrar"
118-->[com.google.firebase:firebase-inappmessaging-display:20.1.2] AndroidManifest.xml:27:17-144
119                android:value="com.google.firebase.components.ComponentRegistrar" />
119-->[com.google.firebase:firebase-inappmessaging-display:20.1.2] AndroidManifest.xml:28:17-82
120            <meta-data
120-->[com.google.firebase:firebase-inappmessaging:20.1.2] AndroidManifest.xml:17:13-19:85
121                android:name="com.google.firebase.components:com.google.firebase.inappmessaging.FirebaseInAppMessagingRegistrar"
121-->[com.google.firebase:firebase-inappmessaging:20.1.2] AndroidManifest.xml:18:17-129
122                android:value="com.google.firebase.components.ComponentRegistrar" />
122-->[com.google.firebase:firebase-inappmessaging:20.1.2] AndroidManifest.xml:19:17-82
123            <meta-data
123-->[com.google.firebase:firebase-datatransport:18.1.1] AndroidManifest.xml:28:13-30:85
124                android:name="com.google.firebase.components:com.google.firebase.datatransport.TransportRegistrar"
124-->[com.google.firebase:firebase-datatransport:18.1.1] AndroidManifest.xml:29:17-115
125                android:value="com.google.firebase.components.ComponentRegistrar" />
125-->[com.google.firebase:firebase-datatransport:18.1.1] AndroidManifest.xml:30:17-82
126            <meta-data
126-->[com.google.firebase:firebase-auth:21.0.2] AndroidManifest.xml:67:13-69:85
127                android:name="com.google.firebase.components:com.google.firebase.auth.FirebaseAuthRegistrar"
127-->[com.google.firebase:firebase-auth:21.0.2] AndroidManifest.xml:68:17-109
128                android:value="com.google.firebase.components.ComponentRegistrar" />
128-->[com.google.firebase:firebase-auth:21.0.2] AndroidManifest.xml:69:17-82
129            <meta-data
129-->[com.google.firebase:firebase-firestore:24.0.2] AndroidManifest.xml:20:13-22:85
130                android:name="com.google.firebase.components:com.google.firebase.firestore.FirestoreRegistrar"
130-->[com.google.firebase:firebase-firestore:24.0.2] AndroidManifest.xml:21:17-111
131                android:value="com.google.firebase.components.ComponentRegistrar" />
131-->[com.google.firebase:firebase-firestore:24.0.2] AndroidManifest.xml:22:17-82
132            <meta-data
132-->[com.google.firebase:firebase-config:21.0.2] AndroidManifest.xml:32:13-34:85
133                android:name="com.google.firebase.components:com.google.firebase.remoteconfig.RemoteConfigRegistrar"
133-->[com.google.firebase:firebase-config:21.0.2] AndroidManifest.xml:33:17-117
134                android:value="com.google.firebase.components.ComponentRegistrar" />
134-->[com.google.firebase:firebase-config:21.0.2] AndroidManifest.xml:34:17-82
135            <meta-data
135-->[com.google.firebase:firebase-common-ktx:20.1.0] AndroidManifest.xml:15:13-17:85
136                android:name="com.google.firebase.components:com.google.firebase.ktx.FirebaseCommonKtxRegistrar"
136-->[com.google.firebase:firebase-common-ktx:20.1.0] AndroidManifest.xml:16:17-113
137                android:value="com.google.firebase.components.ComponentRegistrar" />
137-->[com.google.firebase:firebase-common-ktx:20.1.0] AndroidManifest.xml:17:17-82
138            <meta-data
138-->[com.google.firebase:firebase-abt:21.0.1] AndroidManifest.xml:13:13-15:85
139                android:name="com.google.firebase.components:com.google.firebase.abt.component.AbtRegistrar"
139-->[com.google.firebase:firebase-abt:21.0.1] AndroidManifest.xml:14:17-109
140                android:value="com.google.firebase.components.ComponentRegistrar" />
140-->[com.google.firebase:firebase-abt:21.0.1] AndroidManifest.xml:15:17-82
141            <meta-data
141-->[com.google.android.gms:play-services-measurement-api:20.1.1] AndroidManifest.xml:31:13-33:85
142                android:name="com.google.firebase.components:com.google.firebase.analytics.connector.internal.AnalyticsConnectorRegistrar"
142-->[com.google.android.gms:play-services-measurement-api:20.1.1] AndroidManifest.xml:32:17-139
143                android:value="com.google.firebase.components.ComponentRegistrar" />
143-->[com.google.android.gms:play-services-measurement-api:20.1.1] AndroidManifest.xml:33:17-82
144            <meta-data
144-->[com.google.firebase:firebase-installations:17.0.1] AndroidManifest.xml:18:13-20:85
145                android:name="com.google.firebase.components:com.google.firebase.installations.FirebaseInstallationsRegistrar"
145-->[com.google.firebase:firebase-installations:17.0.1] AndroidManifest.xml:19:17-127
146                android:value="com.google.firebase.components.ComponentRegistrar" />
146-->[com.google.firebase:firebase-installations:17.0.1] AndroidManifest.xml:20:17-82
147        </service> <!-- Needs to be explicitly declared on P+ -->
148        <uses-library
148-->[com.google.android.gms:play-services-maps:18.0.2] AndroidManifest.xml:39:9-41:40
149            android:name="org.apache.http.legacy"
149-->[com.google.android.gms:play-services-maps:18.0.2] AndroidManifest.xml:40:13-50
150            android:required="false" />
150-->[com.google.android.gms:play-services-maps:18.0.2] AndroidManifest.xml:41:13-37
151
152        <service
152-->[com.google.android.datatransport:transport-backend-cct:3.1.1] AndroidManifest.xml:29:9-35:19
153            android:name="com.google.android.datatransport.runtime.backends.TransportBackendDiscovery"
153-->[com.google.android.datatransport:transport-backend-cct:3.1.1] AndroidManifest.xml:30:13-103
154            android:exported="false" >
154-->[com.google.android.datatransport:transport-backend-cct:3.1.1] AndroidManifest.xml:31:13-37
155            <meta-data
155-->[com.google.android.datatransport:transport-backend-cct:3.1.1] AndroidManifest.xml:32:13-34:39
156                android:name="backend:com.google.android.datatransport.cct.CctBackendFactory"
156-->[com.google.android.datatransport:transport-backend-cct:3.1.1] AndroidManifest.xml:33:17-94
157                android:value="cct" />
157-->[com.google.android.datatransport:transport-backend-cct:3.1.1] AndroidManifest.xml:34:17-36
158        </service>
159        <service
159-->[com.google.android.datatransport:transport-runtime:3.1.1] AndroidManifest.xml:26:9-30:19
160            android:name="com.google.android.datatransport.runtime.scheduling.jobscheduling.JobInfoSchedulerService"
160-->[com.google.android.datatransport:transport-runtime:3.1.1] AndroidManifest.xml:27:13-117
161            android:exported="false"
161-->[com.google.android.datatransport:transport-runtime:3.1.1] AndroidManifest.xml:28:13-37
162            android:permission="android.permission.BIND_JOB_SERVICE" >
162-->[com.google.android.datatransport:transport-runtime:3.1.1] AndroidManifest.xml:29:13-69
163        </service>
164
165        <receiver
165-->[com.google.android.datatransport:transport-runtime:3.1.1] AndroidManifest.xml:32:9-34:40
166            android:name="com.google.android.datatransport.runtime.scheduling.jobscheduling.AlarmManagerSchedulerBroadcastReceiver"
166-->[com.google.android.datatransport:transport-runtime:3.1.1] AndroidManifest.xml:33:13-132
167            android:exported="false" />
167-->[com.google.android.datatransport:transport-runtime:3.1.1] AndroidManifest.xml:34:13-37
168
169        <activity
169-->[com.google.firebase:firebase-auth:21.0.2] AndroidManifest.xml:27:9-44:20
170            android:name="com.google.firebase.auth.internal.GenericIdpActivity"
170-->[com.google.firebase:firebase-auth:21.0.2] AndroidManifest.xml:28:13-80
171            android:excludeFromRecents="true"
171-->[com.google.firebase:firebase-auth:21.0.2] AndroidManifest.xml:29:13-46
172            android:exported="true"
172-->[com.google.firebase:firebase-auth:21.0.2] AndroidManifest.xml:30:13-36
173            android:launchMode="singleTask"
173-->[com.google.firebase:firebase-auth:21.0.2] AndroidManifest.xml:31:13-44
174            android:theme="@android:style/Theme.Translucent.NoTitleBar" >
174-->[com.google.firebase:firebase-auth:21.0.2] AndroidManifest.xml:32:13-72
175            <intent-filter>
175-->[com.google.firebase:firebase-auth:21.0.2] AndroidManifest.xml:33:13-43:29
176                <action android:name="android.intent.action.VIEW" />
176-->[com.google.firebase:firebase-inappmessaging-display:20.1.2] AndroidManifest.xml:16:13-65
176-->[com.google.firebase:firebase-inappmessaging-display:20.1.2] AndroidManifest.xml:16:21-62
177
178                <category android:name="android.intent.category.DEFAULT" />
178-->[com.google.firebase:firebase-auth:21.0.2] AndroidManifest.xml:36:17-76
178-->[com.google.firebase:firebase-auth:21.0.2] AndroidManifest.xml:36:27-73
179                <category android:name="android.intent.category.BROWSABLE" />
179-->[com.google.firebase:firebase-auth:21.0.2] AndroidManifest.xml:37:17-78
179-->[com.google.firebase:firebase-auth:21.0.2] AndroidManifest.xml:37:27-75
180
181                <data
181-->[com.google.firebase:firebase-inappmessaging-display:20.1.2] AndroidManifest.xml:18:13-44
182                    android:host="firebase.auth"
183                    android:path="/"
184                    android:scheme="genericidp" />
184-->[com.google.firebase:firebase-inappmessaging-display:20.1.2] AndroidManifest.xml:18:19-41
185            </intent-filter>
186        </activity>
187        <activity
187-->[com.google.firebase:firebase-auth:21.0.2] AndroidManifest.xml:45:9-62:20
188            android:name="com.google.firebase.auth.internal.RecaptchaActivity"
188-->[com.google.firebase:firebase-auth:21.0.2] AndroidManifest.xml:46:13-79
189            android:excludeFromRecents="true"
189-->[com.google.firebase:firebase-auth:21.0.2] AndroidManifest.xml:47:13-46
190            android:exported="true"
190-->[com.google.firebase:firebase-auth:21.0.2] AndroidManifest.xml:48:13-36
191            android:launchMode="singleTask"
191-->[com.google.firebase:firebase-auth:21.0.2] AndroidManifest.xml:49:13-44
192            android:theme="@android:style/Theme.Translucent.NoTitleBar" >
192-->[com.google.firebase:firebase-auth:21.0.2] AndroidManifest.xml:50:13-72
193            <intent-filter>
193-->[com.google.firebase:firebase-auth:21.0.2] AndroidManifest.xml:51:13-61:29
194                <action android:name="android.intent.action.VIEW" />
194-->[com.google.firebase:firebase-inappmessaging-display:20.1.2] AndroidManifest.xml:16:13-65
194-->[com.google.firebase:firebase-inappmessaging-display:20.1.2] AndroidManifest.xml:16:21-62
195
196                <category android:name="android.intent.category.DEFAULT" />
196-->[com.google.firebase:firebase-auth:21.0.2] AndroidManifest.xml:36:17-76
196-->[com.google.firebase:firebase-auth:21.0.2] AndroidManifest.xml:36:27-73
197                <category android:name="android.intent.category.BROWSABLE" />
197-->[com.google.firebase:firebase-auth:21.0.2] AndroidManifest.xml:37:17-78
197-->[com.google.firebase:firebase-auth:21.0.2] AndroidManifest.xml:37:27-75
198
199                <data
199-->[com.google.firebase:firebase-inappmessaging-display:20.1.2] AndroidManifest.xml:18:13-44
200                    android:host="firebase.auth"
201                    android:path="/"
202                    android:scheme="recaptcha" />
202-->[com.google.firebase:firebase-inappmessaging-display:20.1.2] AndroidManifest.xml:18:19-41
203            </intent-filter>
204        </activity>
205
206        <provider
206-->[com.google.firebase:firebase-common:20.1.0] AndroidManifest.xml:26:9-31:39
207            android:name="com.google.firebase.provider.FirebaseInitProvider"
207-->[com.google.firebase:firebase-common:20.1.0] AndroidManifest.xml:27:13-77
208            android:authorities="com.example.davidzonefiscal.firebaseinitprovider"
208-->[com.google.firebase:firebase-common:20.1.0] AndroidManifest.xml:28:13-72
209            android:directBootAware="true"
209-->[com.google.firebase:firebase-common:20.1.0] AndroidManifest.xml:29:13-43
210            android:exported="false"
210-->[com.google.firebase:firebase-common:20.1.0] AndroidManifest.xml:30:13-37
211            android:initOrder="100" />
211-->[com.google.firebase:firebase-common:20.1.0] AndroidManifest.xml:31:13-36
212        <!--
213        Service for holding metadata. Cannot be instantiated.
214        Metadata will be merged from other manifests.
215        -->
216        <service
216-->[androidx.camera:camera-core:1.1.0-beta03] AndroidManifest.xml:31:9-35:78
217            android:name="androidx.camera.core.impl.MetadataHolderService"
217-->[androidx.camera:camera-core:1.1.0-beta03] AndroidManifest.xml:32:13-75
218            android:enabled="false"
218-->[androidx.camera:camera-core:1.1.0-beta03] AndroidManifest.xml:33:13-36
219            android:exported="false" />
219-->[androidx.camera:camera-core:1.1.0-beta03] AndroidManifest.xml:34:13-37
220
221        <activity
221-->[com.google.android.gms:play-services-base:18.0.1] AndroidManifest.xml:20:9-22:45
222            android:name="com.google.android.gms.common.api.GoogleApiActivity"
222-->[com.google.android.gms:play-services-base:18.0.1] AndroidManifest.xml:20:19-85
223            android:exported="false"
223-->[com.google.android.gms:play-services-base:18.0.1] AndroidManifest.xml:22:19-43
224            android:theme="@android:style/Theme.Translucent.NoTitleBar" />
224-->[com.google.android.gms:play-services-base:18.0.1] AndroidManifest.xml:21:19-78
225
226        <receiver
226-->[com.google.android.gms:play-services-measurement:20.1.1] AndroidManifest.xml:29:9-33:20
227            android:name="com.google.android.gms.measurement.AppMeasurementReceiver"
227-->[com.google.android.gms:play-services-measurement:20.1.1] AndroidManifest.xml:30:13-85
228            android:enabled="true"
228-->[com.google.android.gms:play-services-measurement:20.1.1] AndroidManifest.xml:31:13-35
229            android:exported="false" >
229-->[com.google.android.gms:play-services-measurement:20.1.1] AndroidManifest.xml:32:13-37
230        </receiver>
231
232        <service
232-->[com.google.android.gms:play-services-measurement:20.1.1] AndroidManifest.xml:35:9-38:40
233            android:name="com.google.android.gms.measurement.AppMeasurementService"
233-->[com.google.android.gms:play-services-measurement:20.1.1] AndroidManifest.xml:36:13-84
234            android:enabled="true"
234-->[com.google.android.gms:play-services-measurement:20.1.1] AndroidManifest.xml:37:13-35
235            android:exported="false" />
235-->[com.google.android.gms:play-services-measurement:20.1.1] AndroidManifest.xml:38:13-37
236        <service
236-->[com.google.android.gms:play-services-measurement:20.1.1] AndroidManifest.xml:39:9-43:72
237            android:name="com.google.android.gms.measurement.AppMeasurementJobService"
237-->[com.google.android.gms:play-services-measurement:20.1.1] AndroidManifest.xml:40:13-87
238            android:enabled="true"
238-->[com.google.android.gms:play-services-measurement:20.1.1] AndroidManifest.xml:41:13-35
239            android:exported="false"
239-->[com.google.android.gms:play-services-measurement:20.1.1] AndroidManifest.xml:42:13-37
240            android:permission="android.permission.BIND_JOB_SERVICE" />
240-->[com.google.android.gms:play-services-measurement:20.1.1] AndroidManifest.xml:43:13-69
241
242        <meta-data
242-->[com.google.android.gms:play-services-basement:18.0.0] AndroidManifest.xml:21:9-23:69
243            android:name="com.google.android.gms.version"
243-->[com.google.android.gms:play-services-basement:18.0.0] AndroidManifest.xml:22:13-58
244            android:value="@integer/google_play_services_version" />
244-->[com.google.android.gms:play-services-basement:18.0.0] AndroidManifest.xml:23:13-66
245
246        <provider
246-->[androidx.emoji2:emoji2:1.0.0] AndroidManifest.xml:26:9-34:20
247            android:name="androidx.startup.InitializationProvider"
247-->[androidx.emoji2:emoji2:1.0.0] AndroidManifest.xml:27:13-67
248            android:authorities="com.example.davidzonefiscal.androidx-startup"
248-->[androidx.emoji2:emoji2:1.0.0] AndroidManifest.xml:28:13-68
249            android:exported="false" >
249-->[androidx.emoji2:emoji2:1.0.0] AndroidManifest.xml:29:13-37
250            <meta-data
250-->[androidx.emoji2:emoji2:1.0.0] AndroidManifest.xml:31:13-33:52
251                android:name="androidx.emoji2.text.EmojiCompatInitializer"
251-->[androidx.emoji2:emoji2:1.0.0] AndroidManifest.xml:32:17-75
252                android:value="androidx.startup" />
252-->[androidx.emoji2:emoji2:1.0.0] AndroidManifest.xml:33:17-49
253            <meta-data
253-->[androidx.lifecycle:lifecycle-process:2.4.0] AndroidManifest.xml:31:13-33:52
254                android:name="androidx.lifecycle.ProcessLifecycleInitializer"
254-->[androidx.lifecycle:lifecycle-process:2.4.0] AndroidManifest.xml:32:17-78
255                android:value="androidx.startup" />
255-->[androidx.lifecycle:lifecycle-process:2.4.0] AndroidManifest.xml:33:17-49
256        </provider>
257    </application>
258
259</manifest>